This is pdfTeX, Version 3.14159265-2.6-1.40.21 (TeX Live 2020/W32TeX) (preloaded format=pdflatex 2020.12.15)  22 JUL 2021 10:01
entering extended mode
 restricted \write18 enabled.
 %&-line parsing enabled.
**main.tex
(./main.tex
LaTeX2e <2020-02-02> patch level 5
L3 programming layer <2020-03-06>
(d:/Software/texlive/2020/texmf-dist/tex/latex/elsarticle/elsarticle.cls
Document Class: elsarticle 2019/02/25, 3.2: Elsevier Ltd
\@bls=\dimen134
(d:/Software/texlive/2020/texmf-dist/tex/latex/base/article.cls
Document Class: article 2019/12/20 v1.4l Standard LaTeX document class
(d:/Software/texlive/2020/texmf-dist/tex/latex/base/size10.clo
File: size10.clo 2019/12/20 v1.4l Standard LaTeX file (size option)
)
\c@part=\count167
\c@section=\count168
\c@subsection=\count169
\c@subsubsection=\count170
\c@paragraph=\count171
\c@subparagraph=\count172
\c@figure=\count173
\c@table=\count174
\abovecaptionskip=\skip47
\belowcaptionskip=\skip48
\bibindent=\dimen135
)
(d:/Software/texlive/2020/texmf-dist/tex/latex/graphics/graphicx.sty
Package: graphicx 2019/11/30 v1.2a Enhanced LaTeX Graphics (DPC,SPQR)

(d:/Software/texlive/2020/texmf-dist/tex/latex/graphics/keyval.sty
Package: keyval 2014/10/28 v1.15 key=value parser (DPC)
\KV@toks@=\toks15
)
(d:/Software/texlive/2020/texmf-dist/tex/latex/graphics/graphics.sty
Package: graphics 2019/11/30 v1.4a Standard LaTeX Graphics (DPC,SPQR)

(d:/Software/texlive/2020/texmf-dist/tex/latex/graphics/trig.sty
Package: trig 2016/01/03 v1.10 sin cos tan (DPC)
)
(d:/Software/texlive/2020/texmf-dist/tex/latex/graphics-cfg/graphics.cfg
File: graphics.cfg 2016/06/04 v1.11 sample graphics configuration
)
Package graphics Info: Driver file: pdftex.def on input line 105.

(d:/Software/texlive/2020/texmf-dist/tex/latex/graphics-def/pdftex.def
File: pdftex.def 2018/01/08 v1.0l Graphics/color driver for pdftex
))
\Gin@req@height=\dimen136
\Gin@req@width=\dimen137
)
\c@tnote=\count175
\c@fnote=\count176
\c@cnote=\count177
\c@ead=\count178
\c@author=\count179
\@eadauthor=\toks16
\c@affn=\count180
\absbox=\box45
\elsarticlehighlightsbox=\box46
\elsarticlegrabsbox=\box47
\keybox=\box48
\Columnwidth=\dimen138
\space@left=\dimen139
\els@boxa=\box49
\els@boxb=\box50
\leftMargin=\dimen140
\@enLab=\toks17
\@sep=\skip49
\@@sep=\skip50

(./main.spl) (d:/Software/texlive/2020/texmf-dist/tex/latex/natbib/natbib.sty
Package: natbib 2010/09/13 8.31b (PWD, AO)
\bibhang=\skip51
\bibsep=\skip52
LaTeX Info: Redefining \cite on input line 694.
\c@NAT@ctr=\count181
)
\splwrite=\write3
\openout3 = `main.spl'.


(d:/Software/texlive/2020/texmf-dist/tex/latex/geometry/geometry.sty
Package: geometry 2020/01/02 v5.9 Page Geometry

(d:/Software/texlive/2020/texmf-dist/tex/generic/iftex/ifvtex.sty
Package: ifvtex 2019/10/25 v1.7 ifvtex legacy package. Use iftex instead.

(d:/Software/texlive/2020/texmf-dist/tex/generic/iftex/iftex.sty
Package: iftex 2020/03/06 v1.0d TeX engine tests
))
\Gm@cnth=\count182
\Gm@cntv=\count183
\c@Gm@tempcnt=\count184
\Gm@bindingoffset=\dimen141
\Gm@wd@mp=\dimen142
\Gm@odd@mp=\dimen143
\Gm@even@mp=\dimen144
\Gm@layoutwidth=\dimen145
\Gm@layoutheight=\dimen146
\Gm@layouthoffset=\dimen147
\Gm@layoutvoffset=\dimen148
\Gm@dimlist=\toks18
)
(d:/Software/texlive/2020/texmf-dist/tex/latex/base/fleqn.clo
File: fleqn.clo 2016/12/29 v1.2b Standard LaTeX option (flush left equations)
\mathindent=\dimen149
Applying: [2015/01/01] Make \[ robust on input line 50.
LaTeX Info: Redefining \[ on input line 51.
Already applied: [0000/00/00] Make \[ robust on input line 62.
Applying: [2015/01/01] Make \] robust on input line 74.
LaTeX Info: Redefining \] on input line 75.
Already applied: [0000/00/00] Make \] robust on input line 83.
)
\appnamewidth=\dimen150
)
(d:/Software/texlive/2020/texmf-dist/tex/latex/txfonts/txfonts.sty
Package: txfonts 2008/01/22 v3.2.1
LaTeX Font Info:    Redeclaring symbol font `operators' on input line 21.
LaTeX Font Info:    Overwriting symbol font `operators' in version `normal'
(Font)                  OT1/cmr/m/n --> OT1/txr/m/n on input line 21.
LaTeX Font Info:    Overwriting symbol font `operators' in version `bold'
(Font)                  OT1/cmr/bx/n --> OT1/txr/m/n on input line 21.
LaTeX Font Info:    Overwriting symbol font `operators' in version `bold'
(Font)                  OT1/txr/m/n --> OT1/txr/bx/n on input line 22.
\symitalic=\mathgroup4
LaTeX Font Info:    Overwriting symbol font `italic' in version `bold'
(Font)                  OT1/txr/m/it --> OT1/txr/bx/it on input line 26.
LaTeX Font Info:    Redeclaring math alphabet \mathbf on input line 29.
LaTeX Font Info:    Overwriting math alphabet `\mathbf' in version `normal'
(Font)                  OT1/cmr/bx/n --> OT1/txr/bx/n on input line 29.
LaTeX Font Info:    Overwriting math alphabet `\mathbf' in version `bold'
(Font)                  OT1/cmr/bx/n --> OT1/txr/bx/n on input line 29.
LaTeX Font Info:    Redeclaring math alphabet \mathit on input line 30.
LaTeX Font Info:    Overwriting math alphabet `\mathit' in version `normal'
(Font)                  OT1/cmr/m/it --> OT1/txr/m/it on input line 30.
LaTeX Font Info:    Overwriting math alphabet `\mathit' in version `bold'
(Font)                  OT1/cmr/bx/it --> OT1/txr/m/it on input line 30.
LaTeX Font Info:    Overwriting math alphabet `\mathit' in version `bold'
(Font)                  OT1/txr/m/it --> OT1/txr/bx/it on input line 31.
LaTeX Font Info:    Redeclaring math alphabet \mathsf on input line 40.
LaTeX Font Info:    Overwriting math alphabet `\mathsf' in version `normal'
(Font)                  OT1/cmss/m/n --> OT1/txss/m/n on input line 40.
LaTeX Font Info:    Overwriting math alphabet `\mathsf' in version `bold'
(Font)                  OT1/cmss/bx/n --> OT1/txss/m/n on input line 40.
LaTeX Font Info:    Overwriting math alphabet `\mathsf' in version `bold'
(Font)                  OT1/txss/m/n --> OT1/txss/b/n on input line 41.
LaTeX Font Info:    Redeclaring math alphabet \mathtt on input line 50.
LaTeX Font Info:    Overwriting math alphabet `\mathtt' in version `normal'
(Font)                  OT1/cmtt/m/n --> OT1/txtt/m/n on input line 50.
LaTeX Font Info:    Overwriting math alphabet `\mathtt' in version `bold'
(Font)                  OT1/cmtt/m/n --> OT1/txtt/m/n on input line 50.
LaTeX Font Info:    Overwriting math alphabet `\mathtt' in version `bold'
(Font)                  OT1/txtt/m/n --> OT1/txtt/b/n on input line 51.
LaTeX Font Info:    Redeclaring symbol font `letters' on input line 58.
LaTeX Font Info:    Overwriting symbol font `letters' in version `normal'
(Font)                  OML/cmm/m/it --> OML/txmi/m/it on input line 58.
LaTeX Font Info:    Overwriting symbol font `letters' in version `bold'
(Font)                  OML/cmm/b/it --> OML/txmi/m/it on input line 58.
LaTeX Font Info:    Overwriting symbol font `letters' in version `bold'
(Font)                  OML/txmi/m/it --> OML/txmi/bx/it on input line 59.
\symlettersA=\mathgroup5
LaTeX Font Info:    Overwriting symbol font `lettersA' in version `bold'
(Font)                  U/txmia/m/it --> U/txmia/bx/it on input line 67.
LaTeX Font Info:    Redeclaring symbol font `symbols' on input line 77.
LaTeX Font Info:    Overwriting symbol font `symbols' in version `normal'
(Font)                  OMS/cmsy/m/n --> OMS/txsy/m/n on input line 77.
LaTeX Font Info:    Overwriting symbol font `symbols' in version `bold'
(Font)                  OMS/cmsy/b/n --> OMS/txsy/m/n on input line 77.
LaTeX Font Info:    Overwriting symbol font `symbols' in version `bold'
(Font)                  OMS/txsy/m/n --> OMS/txsy/bx/n on input line 78.
\symAMSa=\mathgroup6
LaTeX Font Info:    Overwriting symbol font `AMSa' in version `bold'
(Font)                  U/txsya/m/n --> U/txsya/bx/n on input line 94.
\symAMSb=\mathgroup7
LaTeX Font Info:    Overwriting symbol font `AMSb' in version `bold'
(Font)                  U/txsyb/m/n --> U/txsyb/bx/n on input line 103.
\symsymbolsC=\mathgroup8
LaTeX Font Info:    Overwriting symbol font `symbolsC' in version `bold'
(Font)                  U/txsyc/m/n --> U/txsyc/bx/n on input line 113.
LaTeX Font Info:    Redeclaring symbol font `largesymbols' on input line 120.
LaTeX Font Info:    Overwriting symbol font `largesymbols' in version `normal'
(Font)                  OMX/cmex/m/n --> OMX/txex/m/n on input line 120.
LaTeX Font Info:    Overwriting symbol font `largesymbols' in version `bold'
(Font)                  OMX/cmex/m/n --> OMX/txex/m/n on input line 120.
LaTeX Font Info:    Overwriting symbol font `largesymbols' in version `bold'
(Font)                  OMX/txex/m/n --> OMX/txex/bx/n on input line 121.
\symlargesymbolsA=\mathgroup9
LaTeX Font Info:    Overwriting symbol font `largesymbolsA' in version `bold'
(Font)                  U/txexa/m/n --> U/txexa/bx/n on input line 129.
LaTeX Font Info:    Redeclaring math symbol \mathsterling on input line 164.
LaTeX Font Info:    Redeclaring math symbol \hbar on input line 591.
LaTeX Info: Redefining \not on input line 1043.
)
(d:/Software/texlive/2020/texmf-dist/tex/latex/lineno/lineno.sty
Package: lineno 2005/11/02 line numbers on paragraphs v4.41
\linenopenalty=\count185
\output=\toks19
\linenoprevgraf=\count186
\linenumbersep=\dimen151
\linenumberwidth=\dimen152
\c@linenumber=\count187
\c@pagewiselinenumber=\count188
\c@LN@truepage=\count189
\c@internallinenumber=\count190
\c@internallinenumbers=\count191
\quotelinenumbersep=\dimen153
\bframerule=\dimen154
\bframesep=\dimen155
\bframebox=\box51
LaTeX Info: Redefining \\ on input line 3056.
)
(d:/Software/texlive/2020/texmf-dist/tex/latex/hyperref/hyperref.sty
Package: hyperref 2020/01/14 v7.00d Hypertext links for LaTeX

(d:/Software/texlive/2020/texmf-dist/tex/generic/ltxcmds/ltxcmds.sty
Package: ltxcmds 2019/12/15 v1.24 LaTeX kernel commands for general use (HO)
)
(d:/Software/texlive/2020/texmf-dist/tex/latex/pdftexcmds/pdftexcmds.sty
Package: pdftexcmds 2019/11/24 v0.31 Utility functions of pdfTeX for LuaTeX (HO
)

(d:/Software/texlive/2020/texmf-dist/tex/generic/infwarerr/infwarerr.sty
Package: infwarerr 2019/12/03 v1.5 Providing info/warning/error messages (HO)
)
Package pdftexcmds Info: \pdf@primitive is available.
Package pdftexcmds Info: \pdf@ifprimitive is available.
Package pdftexcmds Info: \pdfdraftmode found.
)
(d:/Software/texlive/2020/texmf-dist/tex/generic/kvsetkeys/kvsetkeys.sty
Package: kvsetkeys 2019/12/15 v1.18 Key value parser (HO)
)
(d:/Software/texlive/2020/texmf-dist/tex/generic/kvdefinekeys/kvdefinekeys.sty
Package: kvdefinekeys 2019-12-19 v1.6 Define keys (HO)
) (d:/Software/texlive/2020/texmf-dist/tex/generic/pdfescape/pdfescape.sty
Package: pdfescape 2019/12/09 v1.15 Implements pdfTeX's escape features (HO)
)
(d:/Software/texlive/2020/texmf-dist/tex/latex/hycolor/hycolor.sty
Package: hycolor 2020-01-27 v1.10 Color options for hyperref/bookmark (HO)
)
(d:/Software/texlive/2020/texmf-dist/tex/latex/letltxmacro/letltxmacro.sty
Package: letltxmacro 2019/12/03 v1.6 Let assignment for LaTeX macros (HO)
)
(d:/Software/texlive/2020/texmf-dist/tex/latex/auxhook/auxhook.sty
Package: auxhook 2019-12-17 v1.6 Hooks for auxiliary files (HO)
)
(d:/Software/texlive/2020/texmf-dist/tex/latex/kvoptions/kvoptions.sty
Package: kvoptions 2019/11/29 v3.13 Key value format for package options (HO)
)
\@linkdim=\dimen156
\Hy@linkcounter=\count192
\Hy@pagecounter=\count193

(d:/Software/texlive/2020/texmf-dist/tex/latex/hyperref/pd1enc.def
File: pd1enc.def 2020/01/14 v7.00d Hyperref: PDFDocEncoding definition (HO)
Now handling font encoding PD1 ...
... no UTF-8 mapping file for font encoding PD1
)
(d:/Software/texlive/2020/texmf-dist/tex/generic/intcalc/intcalc.sty
Package: intcalc 2019/12/15 v1.3 Expandable calculations with integers (HO)
)
(d:/Software/texlive/2020/texmf-dist/tex/generic/etexcmds/etexcmds.sty
Package: etexcmds 2019/12/15 v1.7 Avoid name clashes with e-TeX commands (HO)
)
\Hy@SavedSpaceFactor=\count194
Package hyperref Info: Hyper figures OFF on input line 4547.
Package hyperref Info: Link nesting OFF on input line 4552.
Package hyperref Info: Hyper index ON on input line 4555.
Package hyperref Info: Plain pages OFF on input line 4562.
Package hyperref Info: Backreferencing OFF on input line 4567.
Package hyperref Info: Implicit mode ON; LaTeX internals redefined.
Package hyperref Info: Bookmarks ON on input line 4800.
\c@Hy@tempcnt=\count195

(d:/Software/texlive/2020/texmf-dist/tex/latex/url/url.sty
\Urlmuskip=\muskip16
Package: url 2013/09/16  ver 3.4  Verb mode for urls, etc.
)
LaTeX Info: Redefining \url on input line 5159.
\XeTeXLinkMargin=\dimen157

(d:/Software/texlive/2020/texmf-dist/tex/generic/bitset/bitset.sty
Package: bitset 2019/12/09 v1.3 Handle bit-vector datatype (HO)

(d:/Software/texlive/2020/texmf-dist/tex/generic/bigintcalc/bigintcalc.sty
Package: bigintcalc 2019/12/15 v1.5 Expandable calculations on big integers (HO
)
))
\Fld@menulength=\count196
\Field@Width=\dimen158
\Fld@charsize=\dimen159
Package hyperref Info: Hyper figures OFF on input line 6430.
Package hyperref Info: Link nesting OFF on input line 6435.
Package hyperref Info: Hyper index ON on input line 6438.
Package hyperref Info: backreferencing OFF on input line 6445.
Package hyperref Info: Link coloring OFF on input line 6450.
Package hyperref Info: Link coloring with OCG OFF on input line 6455.
Package hyperref Info: PDF/A mode OFF on input line 6460.
LaTeX Info: Redefining \ref on input line 6500.
LaTeX Info: Redefining \pageref on input line 6504.

(d:/Software/texlive/2020/texmf-dist/tex/generic/atbegshi/atbegshi.sty
Package: atbegshi 2019/12/05 v1.19 At begin shipout hook (HO)
)
\Hy@abspage=\count197
\c@Item=\count198
\c@Hfootnote=\count199
)
Package hyperref Info: Driver (autodetected): hpdftex.

(d:/Software/texlive/2020/texmf-dist/tex/latex/hyperref/hpdftex.def
File: hpdftex.def 2020/01/14 v7.00d Hyperref driver for pdfTeX

(d:/Software/texlive/2020/texmf-dist/tex/latex/atveryend/atveryend.sty
Package: atveryend 2019-12-11 v1.11 Hooks at the very end of document (HO)
Package atveryend Info: \enddocument detected (standard20110627).
)
\Fld@listcount=\count266
\c@bookmark@seq@number=\count267

(d:/Software/texlive/2020/texmf-dist/tex/latex/rerunfilecheck/rerunfilecheck.st
y
Package: rerunfilecheck 2019/12/05 v1.9 Rerun checks for auxiliary files (HO)

(d:/Software/texlive/2020/texmf-dist/tex/generic/uniquecounter/uniquecounter.st
y
Package: uniquecounter 2019/12/15 v1.4 Provide unlimited unique counter (HO)
)
Package uniquecounter Info: New unique counter `rerunfilecheck' on input line 2
86.
)
\Hy@SectionHShift=\skip53
) (d:/Software/texlive/2020/texmf-dist/tex/latex/amsfonts/amssymb.sty
Package: amssymb 2013/01/14 v3.01 AMS font symbols

(d:/Software/texlive/2020/texmf-dist/tex/latex/amsfonts/amsfonts.sty
Package: amsfonts 2013/01/14 v3.01 Basic AMSFonts support
\@emptytoks=\toks20
LaTeX Font Info:    Redeclaring symbol font `AMSa' on input line 59.
LaTeX Font Info:    Overwriting symbol font `AMSa' in version `normal'
(Font)                  U/txsya/m/n --> U/msa/m/n on input line 59.
LaTeX Font Info:    Overwriting symbol font `AMSa' in version `bold'
(Font)                  U/txsya/bx/n --> U/msa/m/n on input line 59.
LaTeX Font Info:    Redeclaring symbol font `AMSb' on input line 60.
LaTeX Font Info:    Overwriting symbol font `AMSb' in version `normal'
(Font)                  U/txsyb/m/n --> U/msb/m/n on input line 60.
LaTeX Font Info:    Overwriting symbol font `AMSb' in version `bold'
(Font)                  U/txsyb/bx/n --> U/msb/m/n on input line 60.
LaTeX Font Info:    Redeclaring math delimiter \ulcorner on input line 74.
LaTeX Font Info:    Redeclaring math delimiter \urcorner on input line 75.
LaTeX Font Info:    Redeclaring math delimiter \llcorner on input line 76.
LaTeX Font Info:    Redeclaring math delimiter \lrcorner on input line 77.
LaTeX Font Info:    Redeclaring math symbol \square on input line 141.
LaTeX Font Info:    Redeclaring math symbol \lozenge on input line 142.
)
LaTeX Font Info:    Redeclaring math symbol \boxdot on input line 44.
LaTeX Font Info:    Redeclaring math symbol \boxplus on input line 45.
LaTeX Font Info:    Redeclaring math symbol \boxtimes on input line 46.
LaTeX Font Info:    Redeclaring math symbol \blacksquare on input line 48.
LaTeX Font Info:    Redeclaring math symbol \centerdot on input line 49.
LaTeX Font Info:    Redeclaring math symbol \blacklozenge on input line 51.
LaTeX Font Info:    Redeclaring math symbol \circlearrowright on input line 52.

LaTeX Font Info:    Redeclaring math symbol \circlearrowleft on input line 53.
LaTeX Font Info:    Redeclaring math symbol \leftrightharpoons on input line 56
.
LaTeX Font Info:    Redeclaring math symbol \boxminus on input line 57.
LaTeX Font Info:    Redeclaring math symbol \Vdash on input line 58.
LaTeX Font Info:    Redeclaring math symbol \Vvdash on input line 59.
LaTeX Font Info:    Redeclaring math symbol \vDash on input line 60.
LaTeX Font Info:    Redeclaring math symbol \twoheadrightarrow on input line 61
.
LaTeX Font Info:    Redeclaring math symbol \twoheadleftarrow on input line 62.

LaTeX Font Info:    Redeclaring math symbol \leftleftarrows on input line 63.
LaTeX Font Info:    Redeclaring math symbol \rightrightarrows on input line 64.

LaTeX Font Info:    Redeclaring math symbol \upuparrows on input line 65.
LaTeX Font Info:    Redeclaring math symbol \downdownarrows on input line 66.
LaTeX Font Info:    Redeclaring math symbol \upharpoonright on input line 67.
LaTeX Font Info:    Redeclaring math symbol \downharpoonright on input line 69.

LaTeX Font Info:    Redeclaring math symbol \upharpoonleft on input line 70.
LaTeX Font Info:    Redeclaring math symbol \downharpoonleft on input line 71.
LaTeX Font Info:    Redeclaring math symbol \rightarrowtail on input line 72.
LaTeX Font Info:    Redeclaring math symbol \leftarrowtail on input line 73.
LaTeX Font Info:    Redeclaring math symbol \leftrightarrows on input line 74.
LaTeX Font Info:    Redeclaring math symbol \rightleftarrows on input line 75.
LaTeX Font Info:    Redeclaring math symbol \Lsh on input line 76.
LaTeX Font Info:    Redeclaring math symbol \Rsh on input line 77.
LaTeX Font Info:    Redeclaring math symbol \leftrightsquigarrow on input line 
79.
LaTeX Font Info:    Redeclaring math symbol \looparrowleft on input line 80.
LaTeX Font Info:    Redeclaring math symbol \looparrowright on input line 81.
LaTeX Font Info:    Redeclaring math symbol \circeq on input line 82.
LaTeX Font Info:    Redeclaring math symbol \succsim on input line 83.
LaTeX Font Info:    Redeclaring math symbol \gtrsim on input line 84.
LaTeX Font Info:    Redeclaring math symbol \gtrapprox on input line 85.
LaTeX Font Info:    Redeclaring math symbol \multimap on input line 86.
LaTeX Font Info:    Redeclaring math symbol \therefore on input line 87.
LaTeX Font Info:    Redeclaring math symbol \because on input line 88.
LaTeX Font Info:    Redeclaring math symbol \doteqdot on input line 89.
LaTeX Font Info:    Redeclaring math symbol \triangleq on input line 91.
LaTeX Font Info:    Redeclaring math symbol \precsim on input line 92.
LaTeX Font Info:    Redeclaring math symbol \lesssim on input line 93.
LaTeX Font Info:    Redeclaring math symbol \lessapprox on input line 94.
LaTeX Font Info:    Redeclaring math symbol \eqslantless on input line 95.
LaTeX Font Info:    Redeclaring math symbol \eqslantgtr on input line 96.
LaTeX Font Info:    Redeclaring math symbol \curlyeqprec on input line 97.
LaTeX Font Info:    Redeclaring math symbol \curlyeqsucc on input line 98.
LaTeX Font Info:    Redeclaring math symbol \preccurlyeq on input line 99.
LaTeX Font Info:    Redeclaring math symbol \leqq on input line 100.
LaTeX Font Info:    Redeclaring math symbol \leqslant on input line 101.
LaTeX Font Info:    Redeclaring math symbol \lessgtr on input line 102.
LaTeX Font Info:    Redeclaring math symbol \backprime on input line 103.
LaTeX Font Info:    Redeclaring math symbol \risingdotseq on input line 104.
LaTeX Font Info:    Redeclaring math symbol \fallingdotseq on input line 105.
LaTeX Font Info:    Redeclaring math symbol \succcurlyeq on input line 106.
LaTeX Font Info:    Redeclaring math symbol \geqq on input line 107.
LaTeX Font Info:    Redeclaring math symbol \geqslant on input line 108.
LaTeX Font Info:    Redeclaring math symbol \gtrless on input line 109.
LaTeX Font Info:    Redeclaring math symbol \bigstar on input line 117.
LaTeX Font Info:    Redeclaring math symbol \between on input line 118.
LaTeX Font Info:    Redeclaring math symbol \blacktriangledown on input line 11
9.
LaTeX Font Info:    Redeclaring math symbol \blacktriangleright on input line 1
20.
LaTeX Font Info:    Redeclaring math symbol \blacktriangleleft on input line 12
1.
LaTeX Font Info:    Redeclaring math symbol \vartriangle on input line 122.
LaTeX Font Info:    Redeclaring math symbol \blacktriangle on input line 123.
LaTeX Font Info:    Redeclaring math symbol \triangledown on input line 124.
LaTeX Font Info:    Redeclaring math symbol \eqcirc on input line 125.
LaTeX Font Info:    Redeclaring math symbol \lesseqgtr on input line 126.
LaTeX Font Info:    Redeclaring math symbol \gtreqless on input line 127.
LaTeX Font Info:    Redeclaring math symbol \lesseqqgtr on input line 128.
LaTeX Font Info:    Redeclaring math symbol \gtreqqless on input line 129.
LaTeX Font Info:    Redeclaring math symbol \Rrightarrow on input line 130.
LaTeX Font Info:    Redeclaring math symbol \Lleftarrow on input line 131.
LaTeX Font Info:    Redeclaring math symbol \veebar on input line 132.
LaTeX Font Info:    Redeclaring math symbol \barwedge on input line 133.
LaTeX Font Info:    Redeclaring math symbol \doublebarwedge on input line 134.
LaTeX Font Info:    Redeclaring math symbol \measuredangle on input line 137.
LaTeX Font Info:    Redeclaring math symbol \sphericalangle on input line 138.
LaTeX Font Info:    Redeclaring math symbol \varpropto on input line 139.
LaTeX Font Info:    Redeclaring math symbol \smallsmile on input line 140.
LaTeX Font Info:    Redeclaring math symbol \smallfrown on input line 141.
LaTeX Font Info:    Redeclaring math symbol \Subset on input line 142.
LaTeX Font Info:    Redeclaring math symbol \Supset on input line 143.
LaTeX Font Info:    Redeclaring math symbol \Cup on input line 144.
LaTeX Font Info:    Redeclaring math symbol \Cap on input line 146.
LaTeX Font Info:    Redeclaring math symbol \curlywedge on input line 148.
LaTeX Font Info:    Redeclaring math symbol \curlyvee on input line 149.
LaTeX Font Info:    Redeclaring math symbol \leftthreetimes on input line 150.
LaTeX Font Info:    Redeclaring math symbol \rightthreetimes on input line 151.

LaTeX Font Info:    Redeclaring math symbol \subseteqq on input line 152.
LaTeX Font Info:    Redeclaring math symbol \supseteqq on input line 153.
LaTeX Font Info:    Redeclaring math symbol \bumpeq on input line 154.
LaTeX Font Info:    Redeclaring math symbol \Bumpeq on input line 155.
LaTeX Font Info:    Redeclaring math symbol \lll on input line 156.
LaTeX Font Info:    Redeclaring math symbol \ggg on input line 158.
LaTeX Font Info:    Redeclaring math symbol \circledS on input line 160.
LaTeX Font Info:    Redeclaring math symbol \pitchfork on input line 161.
LaTeX Font Info:    Redeclaring math symbol \dotplus on input line 162.
LaTeX Font Info:    Redeclaring math symbol \backsim on input line 163.
LaTeX Font Info:    Redeclaring math symbol \backsimeq on input line 164.
LaTeX Font Info:    Redeclaring math symbol \complement on input line 165.
LaTeX Font Info:    Redeclaring math symbol \intercal on input line 166.
LaTeX Font Info:    Redeclaring math symbol \circledcirc on input line 167.
LaTeX Font Info:    Redeclaring math symbol \circledast on input line 168.
LaTeX Font Info:    Redeclaring math symbol \circleddash on input line 169.
LaTeX Font Info:    Redeclaring math symbol \lvertneqq on input line 171.
LaTeX Font Info:    Redeclaring math symbol \gvertneqq on input line 172.
LaTeX Font Info:    Redeclaring math symbol \nleq on input line 173.
LaTeX Font Info:    Redeclaring math symbol \ngeq on input line 174.
LaTeX Font Info:    Redeclaring math symbol \nless on input line 175.
LaTeX Font Info:    Redeclaring math symbol \ngtr on input line 176.
LaTeX Font Info:    Redeclaring math symbol \nprec on input line 177.
LaTeX Font Info:    Redeclaring math symbol \nsucc on input line 178.
LaTeX Font Info:    Redeclaring math symbol \lneqq on input line 179.
LaTeX Font Info:    Redeclaring math symbol \gneqq on input line 180.
LaTeX Font Info:    Redeclaring math symbol \nleqslant on input line 181.
LaTeX Font Info:    Redeclaring math symbol \ngeqslant on input line 182.
LaTeX Font Info:    Redeclaring math symbol \lneq on input line 183.
LaTeX Font Info:    Redeclaring math symbol \gneq on input line 184.
LaTeX Font Info:    Redeclaring math symbol \npreceq on input line 185.
LaTeX Font Info:    Redeclaring math symbol \nsucceq on input line 186.
LaTeX Font Info:    Redeclaring math symbol \precnsim on input line 187.
LaTeX Font Info:    Redeclaring math symbol \succnsim on input line 188.
LaTeX Font Info:    Redeclaring math symbol \lnsim on input line 189.
LaTeX Font Info:    Redeclaring math symbol \gnsim on input line 190.
LaTeX Font Info:    Redeclaring math symbol \nleqq on input line 191.
LaTeX Font Info:    Redeclaring math symbol \ngeqq on input line 192.
LaTeX Font Info:    Redeclaring math symbol \precneqq on input line 193.
LaTeX Font Info:    Redeclaring math symbol \succneqq on input line 194.
LaTeX Font Info:    Redeclaring math symbol \precnapprox on input line 195.
LaTeX Font Info:    Redeclaring math symbol \succnapprox on input line 196.
LaTeX Font Info:    Redeclaring math symbol \lnapprox on input line 197.
LaTeX Font Info:    Redeclaring math symbol \gnapprox on input line 198.
LaTeX Font Info:    Redeclaring math symbol \nsim on input line 199.
LaTeX Font Info:    Redeclaring math symbol \ncong on input line 200.
LaTeX Font Info:    Redeclaring math symbol \diagup on input line 201.
LaTeX Font Info:    Redeclaring math symbol \diagdown on input line 202.
LaTeX Font Info:    Redeclaring math symbol \varsubsetneq on input line 203.
LaTeX Font Info:    Redeclaring math symbol \varsupsetneq on input line 204.
LaTeX Font Info:    Redeclaring math symbol \nsubseteqq on input line 205.
LaTeX Font Info:    Redeclaring math symbol \nsupseteqq on input line 206.
LaTeX Font Info:    Redeclaring math symbol \subsetneqq on input line 207.
LaTeX Font Info:    Redeclaring math symbol \supsetneqq on input line 208.
LaTeX Font Info:    Redeclaring math symbol \varsubsetneqq on input line 209.
LaTeX Font Info:    Redeclaring math symbol \varsupsetneqq on input line 210.
LaTeX Font Info:    Redeclaring math symbol \subsetneq on input line 211.
LaTeX Font Info:    Redeclaring math symbol \supsetneq on input line 212.
LaTeX Font Info:    Redeclaring math symbol \nsubseteq on input line 213.
LaTeX Font Info:    Redeclaring math symbol \nsupseteq on input line 214.
LaTeX Font Info:    Redeclaring math symbol \nparallel on input line 215.
LaTeX Font Info:    Redeclaring math symbol \nmid on input line 216.
LaTeX Font Info:    Redeclaring math symbol \nshortmid on input line 217.
LaTeX Font Info:    Redeclaring math symbol \nshortparallel on input line 218.
LaTeX Font Info:    Redeclaring math symbol \nvdash on input line 219.
LaTeX Font Info:    Redeclaring math symbol \nVdash on input line 220.
LaTeX Font Info:    Redeclaring math symbol \nvDash on input line 221.
LaTeX Font Info:    Redeclaring math symbol \nVDash on input line 222.
LaTeX Font Info:    Redeclaring math symbol \ntrianglerighteq on input line 223
.
LaTeX Font Info:    Redeclaring math symbol \ntrianglelefteq on input line 224.

LaTeX Font Info:    Redeclaring math symbol \ntriangleleft on input line 225.
LaTeX Font Info:    Redeclaring math symbol \ntriangleright on input line 226.
LaTeX Font Info:    Redeclaring math symbol \nleftarrow on input line 227.
LaTeX Font Info:    Redeclaring math symbol \nrightarrow on input line 228.
LaTeX Font Info:    Redeclaring math symbol \nLeftarrow on input line 229.
LaTeX Font Info:    Redeclaring math symbol \nRightarrow on input line 230.
LaTeX Font Info:    Redeclaring math symbol \nLeftrightarrow on input line 231.

LaTeX Font Info:    Redeclaring math symbol \nleftrightarrow on input line 232.

LaTeX Font Info:    Redeclaring math symbol \divideontimes on input line 233.
LaTeX Font Info:    Redeclaring math symbol \varnothing on input line 234.
LaTeX Font Info:    Redeclaring math symbol \nexists on input line 235.
LaTeX Font Info:    Redeclaring math symbol \Finv on input line 236.
LaTeX Font Info:    Redeclaring math symbol \Game on input line 237.
LaTeX Font Info:    Redeclaring math symbol \eth on input line 240.
LaTeX Font Info:    Redeclaring math symbol \eqsim on input line 241.
LaTeX Font Info:    Redeclaring math symbol \beth on input line 242.
LaTeX Font Info:    Redeclaring math symbol \gimel on input line 243.
LaTeX Font Info:    Redeclaring math symbol \daleth on input line 244.
LaTeX Font Info:    Redeclaring math symbol \lessdot on input line 245.
LaTeX Font Info:    Redeclaring math symbol \gtrdot on input line 246.
LaTeX Font Info:    Redeclaring math symbol \ltimes on input line 247.
LaTeX Font Info:    Redeclaring math symbol \rtimes on input line 248.
LaTeX Font Info:    Redeclaring math symbol \shortmid on input line 249.
LaTeX Font Info:    Redeclaring math symbol \shortparallel on input line 250.
LaTeX Font Info:    Redeclaring math symbol \smallsetminus on input line 251.
LaTeX Font Info:    Redeclaring math symbol \thicksim on input line 252.
LaTeX Font Info:    Redeclaring math symbol \thickapprox on input line 253.
LaTeX Font Info:    Redeclaring math symbol \approxeq on input line 254.
LaTeX Font Info:    Redeclaring math symbol \succapprox on input line 255.
LaTeX Font Info:    Redeclaring math symbol \precapprox on input line 256.
LaTeX Font Info:    Redeclaring math symbol \curvearrowleft on input line 257.
LaTeX Font Info:    Redeclaring math symbol \curvearrowright on input line 258.

LaTeX Font Info:    Redeclaring math symbol \digamma on input line 259.
LaTeX Font Info:    Redeclaring math symbol \varkappa on input line 260.
LaTeX Font Info:    Redeclaring math symbol \Bbbk on input line 261.
LaTeX Font Info:    Redeclaring math symbol \hslash on input line 262.
LaTeX Font Info:    Redeclaring math symbol \backepsilon on input line 265.
)
(d:/Software/texlive/2020/texmf-dist/tex/latex/sttools/stfloats.sty
Package: stfloats 2017/03/27 v3.3 Improve float mechanism and baselineskip sett
ings
\@dblbotnum=\count268
\c@dblbotnumber=\count269
)
(d:/Software/texlive/2020/texmf-dist/tex/latex/lipsum/lipsum.sty
(d:/Software/texlive/2020/texmf-dist/tex/latex/l3kernel/expl3.sty
Package: expl3 2020-03-06 L3 programming layer (loader) 

(d:/Software/texlive/2020/texmf-dist/tex/latex/l3backend/l3backend-pdfmode.def
File: l3backend-pdfmode.def 2020-03-12 L3 backend support: PDF mode
\l__kernel_color_stack_int=\count270
\l__pdf_internal_box=\box52
)) (d:/Software/texlive/2020/texmf-dist/tex/latex/l3packages/xparse/xparse.sty
Package: xparse 2020-03-06 L3 Experimental document command parser
\l__xparse_current_arg_int=\count271
\g__xparse_grabber_int=\count272
\l__xparse_m_args_int=\count273
\l__xparse_v_nesting_int=\count274
)
Package: lipsum 2019/01/02 v2.2 150 paragraphs of Lorem Ipsum dummy text

(d:/Software/texlive/2020/texmf-dist/tex/latex/lipsum/lipsum.ltd.tex
File: lipsum.ltd.tex 2019/01/02 v2.2 The Lorem ipsum dummy text
))
(d:/Software/texlive/2020/texmf-dist/tex/latex/psnfss/pifont.sty
Package: pifont 2005/04/12 PSNFSS-v9.2a Pi font support (SPQR) 
LaTeX Font Info:    Trying to load font information for U+pzd on input line 63.


(d:/Software/texlive/2020/texmf-dist/tex/latex/psnfss/upzd.fd
File: upzd.fd 2001/06/04 font definitions for U/pzd.
)
LaTeX Font Info:    Trying to load font information for U+psy on input line 64.


(d:/Software/texlive/2020/texmf-dist/tex/latex/psnfss/upsy.fd
File: upsy.fd 2001/06/04 font definitions for U/psy.
))
(d:/Software/texlive/2020/texmf-dist/tex/latex/subfigure/subfigure.sty
Package: subfigure 2002/03/15 v2.1.5 subfigure package
\subfigtopskip=\skip54
\subfigcapskip=\skip55
\subfigcaptopadj=\dimen160
\subfigbottomskip=\skip56
\subfigcapmargin=\dimen161
\subfiglabelskip=\skip57
\c@subfigure=\count275
\c@lofdepth=\count276
\c@subtable=\count277
\c@lotdepth=\count278

****************************************
* Local config file subfigure.cfg used *
****************************************
(d:/Software/texlive/2020/texmf-dist/tex/latex/subfigure/subfigure.cfg)
\subfig@top=\skip58
\subfig@bottom=\skip59
)
(d:/Software/texlive/2020/texmf-dist/tex/latex/amsmath/amsmath.sty
Package: amsmath 2020/01/20 v2.17e AMS math features
\@mathmargin=\skip60

For additional information on amsmath, use the `?' option.
(d:/Software/texlive/2020/texmf-dist/tex/latex/amsmath/amstext.sty
Package: amstext 2000/06/29 v2.01 AMS text

(d:/Software/texlive/2020/texmf-dist/tex/latex/amsmath/amsgen.sty
File: amsgen.sty 1999/11/30 v2.0 generic functions
\@emptytoks=\toks21
\ex@=\dimen162
))
(d:/Software/texlive/2020/texmf-dist/tex/latex/amsmath/amsbsy.sty
Package: amsbsy 1999/11/29 v1.2d Bold Symbols
\pmbraise@=\dimen163
)
(d:/Software/texlive/2020/texmf-dist/tex/latex/amsmath/amsopn.sty
Package: amsopn 2016/03/08 v2.02 operator names
)
\inf@bad=\count279
LaTeX Info: Redefining \frac on input line 227.
\uproot@=\count280
\leftroot@=\count281
LaTeX Info: Redefining \overline on input line 389.
\classnum@=\count282
\DOTSCASE@=\count283
LaTeX Info: Redefining \ldots on input line 486.
LaTeX Info: Redefining \dots on input line 489.
LaTeX Info: Redefining \cdots on input line 610.
\Mathstrutbox@=\box53
\strutbox@=\box54
\big@size=\dimen164
LaTeX Font Info:    Redeclaring font encoding OML on input line 733.
LaTeX Font Info:    Redeclaring font encoding OMS on input line 734.
\macc@depth=\count284
\c@MaxMatrixCols=\count285
\dotsspace@=\muskip17
\c@parentequation=\count286
\dspbrk@lvl=\count287
\tag@help=\toks22
\row@=\count288
\column@=\count289
\maxfields@=\count290
\andhelp@=\toks23
\eqnshift@=\dimen165
\alignsep@=\dimen166
\tagshift@=\dimen167
\tagwidth@=\dimen168
\totwidth@=\dimen169
\lineht@=\dimen170
\@envbody=\toks24
\multlinegap=\skip61
\multlinetaggap=\skip62
\mathdisplay@stack=\toks25
LaTeX Info: Redefining \[ on input line 2859.
LaTeX Info: Redefining \] on input line 2860.
)
(d:/Software/texlive/2020/texmf-dist/tex/latex/algorithm2e/algorithm2e.sty
Package: algorithm2e 2017/07/18 v5.2 algorithms environments
\c@AlgoLine=\count291

(d:/Software/texlive/2020/texmf-dist/tex/latex/base/ifthen.sty
Package: ifthen 2014/09/29 v1.1c Standard LaTeX ifthen package (DPC)
)
\algocf@hangindent=\skip63

(d:/Software/texlive/2020/texmf-dist/tex/latex/ifoddpage/ifoddpage.sty
Package: ifoddpage 2016/04/23 v1.1 Conditionals for odd/even page detection
\c@checkoddpage=\count292
)
(d:/Software/texlive/2020/texmf-dist/tex/latex/tools/xspace.sty
Package: xspace 2014/10/28 v1.13 Space after command names (DPC,MH)
)
(d:/Software/texlive/2020/texmf-dist/tex/latex/relsize/relsize.sty
Package: relsize 2013/03/29 ver 4.1
)
\skiptotal=\skip64
\skiplinenumber=\skip65
\skiprule=\skip66
\skiphlne=\skip67
\skiptext=\skip68
\skiplength=\skip69
\algomargin=\skip70
\skipalgocfslide=\skip71
\algowidth=\dimen171
\inoutsize=\dimen172
\inoutindent=\dimen173
\interspacetitleruled=\dimen174
\interspacealgoruled=\dimen175
\interspacetitleboxruled=\dimen176
\algocf@ruledwidth=\skip72
\algocf@inoutbox=\box55
\algocf@inputbox=\box56
\AlCapSkip=\skip73
\AlCapHSkip=\skip74
\algoskipindent=\skip75
\algocf@nlbox=\box57
\algocf@hangingbox=\box58
\algocf@untilbox=\box59
\algocf@skipuntil=\skip76
\algocf@capbox=\box60
\algocf@lcaptionbox=\skip77
\algoheightruledefault=\skip78
\algoheightrule=\skip79
\algotitleheightruledefault=\skip80
\algotitleheightrule=\skip81
\c@algocfline=\count293
\c@algocfproc=\count294
\c@algocf=\count295
\algocf@algoframe=\box61
\algocf@algobox=\box62
)
(d:/Software/texlive/2020/texmf-dist/tex/generic/ulem/ulem.sty
\UL@box=\box63
\UL@hyphenbox=\box64
\UL@skip=\skip82
\UL@hook=\toks26
\UL@height=\dimen177
\UL@pe=\count296
\UL@pixel=\dimen178
\ULC@box=\box65
Package: ulem 2019/11/18
\ULdepth=\dimen179
) (./main.aux)
\openout1 = `main.aux'.

LaTeX Font Info:    Checking defaults for OML/txmi/m/it on input line 49.
LaTeX Font Info:    Trying to load font information for OML+txmi on input line 
49.

(d:/Software/texlive/2020/texmf-dist/tex/latex/txfonts/omltxmi.fd
File: omltxmi.fd 2000/12/15 v3.1
)
LaTeX Font Info:    ... okay on input line 49.
LaTeX Font Info:    Checking defaults for OMS/txsy/m/n on input line 49.
LaTeX Font Info:    Trying to load font information for OMS+txsy on input line 
49.

(d:/Software/texlive/2020/texmf-dist/tex/latex/txfonts/omstxsy.fd
File: omstxsy.fd 2000/12/15 v3.1
)
LaTeX Font Info:    ... okay on input line 49.
LaTeX Font Info:    Checking defaults for OT1/cmr/m/n on input line 49.
LaTeX Font Info:    ... okay on input line 49.
LaTeX Font Info:    Checking defaults for T1/cmr/m/n on input line 49.
LaTeX Font Info:    ... okay on input line 49.
LaTeX Font Info:    Checking defaults for TS1/cmr/m/n on input line 49.
LaTeX Font Info:    ... okay on input line 49.
LaTeX Font Info:    Checking defaults for OMX/txex/m/n on input line 49.
LaTeX Font Info:    Trying to load font information for OMX+txex on input line 
49.

(d:/Software/texlive/2020/texmf-dist/tex/latex/txfonts/omxtxex.fd
File: omxtxex.fd 2000/12/15 v3.1
)
LaTeX Font Info:    ... okay on input line 49.
LaTeX Font Info:    Checking defaults for U/txexa/m/n on input line 49.
LaTeX Font Info:    Trying to load font information for U+txexa on input line 4
9.

(d:/Software/texlive/2020/texmf-dist/tex/latex/txfonts/utxexa.fd
File: utxexa.fd 2000/12/15 v3.1
)
LaTeX Font Info:    ... okay on input line 49.
LaTeX Font Info:    Checking defaults for PD1/pdf/m/n on input line 49.
LaTeX Font Info:    ... okay on input line 49.
LaTeX Font Info:    Trying to load font information for OT1+txr on input line 4
9.

(d:/Software/texlive/2020/texmf-dist/tex/latex/txfonts/ot1txr.fd
File: ot1txr.fd 2000/12/15 v3.1
)
(d:/Software/texlive/2020/texmf-dist/tex/context/base/mkii/supp-pdf.mkii
[Loading MPS to PDF converter (version 2006.09.02).]
\scratchcounter=\count297
\scratchdimen=\dimen180
\scratchbox=\box66
\nofMPsegments=\count298
\nofMParguments=\count299
\everyMPshowfont=\toks27
\MPscratchCnt=\count300
\MPscratchDim=\dimen181
\MPnumerator=\count301
\makeMPintoPDFobject=\count302
\everyMPtoPDFconversion=\toks28
) (d:/Software/texlive/2020/texmf-dist/tex/latex/epstopdf-pkg/epstopdf-base.sty
Package: epstopdf-base 2020-01-24 v2.11 Base part for package epstopdf
Package epstopdf-base Info: Redefining graphics rule for `.eps' on input line 4
85.
(d:/Software/texlive/2020/texmf-dist/tex/latex/latexconfig/epstopdf-sys.cfg
File: epstopdf-sys.cfg 2010/07/13 v1.3 Configuration of (r)epstopdf for TeX Liv
e
))
*geometry* driver: auto-detecting
*geometry* detected driver: pdftex
*geometry* verbose mode - [ preamble ] result:
* driver: pdftex
* paper: custom
* layout: <same size as paper>
* layoutoffset:(h,v)=(0.0pt,0.0pt)
* hratio: 1:1
* vratio: 1:1
* modes: 
* h-part:(L,W,R)=(37.75394pt, 522.0pt, 37.75394pt)
* v-part:(T,H,B)=(81.52342pt, 682.0pt, 81.52342pt)
* \paperwidth=597.50787pt
* \paperheight=845.04684pt
* \textwidth=522.0pt
* \textheight=682.0pt
* \oddsidemargin=-34.51605pt
* \evensidemargin=-34.51605pt
* \topmargin=-52.74657pt
* \headheight=50.0pt
* \headsep=12.0pt
* \topskip=10.0pt
* \footskip=18.0pt
* \marginparwidth=65.0pt
* \marginparsep=11.0pt
* \columnsep=18.0pt
* \skip\footins=24.0pt plus 2.0pt minus 12.0pt
* \hoffset=0.0pt
* \voffset=0.0pt
* \mag=1000
* \@twocolumntrue
* \@twosidefalse
* \@mparswitchfalse
* \@reversemarginfalse
* (1in=72.27pt=25.4mm, 1cm=28.453pt)

\AtBeginShipoutBox=\box67
Package hyperref Info: Link coloring OFF on input line 49.
(d:/Software/texlive/2020/texmf-dist/tex/latex/hyperref/nameref.sty
Package: nameref 2019/09/16 v2.46 Cross-referencing by name of section

(d:/Software/texlive/2020/texmf-dist/tex/latex/refcount/refcount.sty
Package: refcount 2019/12/15 v3.6 Data extraction from label references (HO)
)
(d:/Software/texlive/2020/texmf-dist/tex/generic/gettitlestring/gettitlestring.
sty
Package: gettitlestring 2019/12/15 v1.6 Cleanup title references (HO)
)
\c@section@level=\count303
)
LaTeX Info: Redefining \ref on input line 49.
LaTeX Info: Redefining \pageref on input line 49.
LaTeX Info: Redefining \nameref on input line 49.
 (./main.out) (./main.out)
\@outlinefile=\write4
\openout4 = `main.out'.

LaTeX Font Info:    Font shape `OT1/txr/b/n' in size <10> not available
(Font)              Font shape `OT1/txr/bx/n' tried instead on input line 68.
LaTeX Font Info:    Trying to load font information for U+txmia on input line 8
4.

(d:/Software/texlive/2020/texmf-dist/tex/latex/txfonts/utxmia.fd
File: utxmia.fd 2000/12/15 v3.1
)
LaTeX Font Info:    Trying to load font information for U+msa on input line 84.


(d:/Software/texlive/2020/texmf-dist/tex/latex/amsfonts/umsa.fd
File: umsa.fd 2013/01/14 v3.01 AMS symbols A
)
LaTeX Font Info:    Trying to load font information for U+msb on input line 84.


(d:/Software/texlive/2020/texmf-dist/tex/latex/amsfonts/umsb.fd
File: umsb.fd 2013/01/14 v3.01 AMS symbols B
)
LaTeX Font Info:    Trying to load font information for U+txsyc on input line 8
4.

(d:/Software/texlive/2020/texmf-dist/tex/latex/txfonts/utxsyc.fd
File: utxsyc.fd 2000/12/15 v3.1
)
(./src/Introduction.tex
LaTeX Font Info:    Trying to load font information for OT1+txss on input line 
1.

(d:/Software/texlive/2020/texmf-dist/tex/latex/txfonts/ot1txss.fd
File: ot1txss.fd 2000/12/15 v3.1
)
LaTeX Font Info:    Font shape `OT1/txss/m/n' will be
(Font)              scaled to size 4.74998pt on input line 1.

Overfull \hbox (2.1701pt too wide) in paragraph at lines 38--46
\OT1/txr/m/n/10 [[]] and some graph al-go-rithms like MapRe-duce [[]] and Bread
th-
 []


Overfull \hbox (5.39006pt too wide) in paragraph at lines 60--61
[]\OT1/txr/m/n/10 Multiple net-work end-points can si-mul-ta-ne-ously pro-cess 
mul-
 []

) (./src/Relatedwork.tex
Overfull \hbox (1.39008pt too wide) in paragraph at lines 72--1
[]\OT1/txr/m/n/10 In this pa-per, we pro-posed Over-lapped NUMA-aware Multi-
 []


Overfull \hbox (14.17009pt too wide) in paragraph at lines 72--1
\OT1/txr/m/n/10 mote ac-ces-si-ble mem-ory to sup-port mul-ti-ple leader to gat
her/scatter
 []


Overfull \hbox (1.90001pt too wide) has occurred while \output is active
[] 
 []


Package hyperref Warning: Token not allowed in a PDF string (PDFDocEncoding):
(hyperref)                removing `\<let>-command' on input line 1.


Package hyperref Warning: Token not allowed in a PDF string (PDFDocEncoding):
(hyperref)                removing `\comma' on input line 1.


Package hyperref Warning: Token not allowed in a PDF string (PDFDocEncoding):
(hyperref)                removing `\<def>-command' on input line 1.


Package hyperref Warning: Token not allowed in a PDF string (PDFDocEncoding):
(hyperref)                removing `\@fnmark' on input line 1.


Package hyperref Warning: Token not allowed in a PDF string (PDFDocEncoding):
(hyperref)                removing `\<let>-command' on input line 1.


Package hyperref Warning: Token not allowed in a PDF string (PDFDocEncoding):
(hyperref)                removing `\comma' on input line 1.


Package hyperref Warning: Token not allowed in a PDF string (PDFDocEncoding):
(hyperref)                removing `\<def>-command' on input line 1.


Package hyperref Warning: Token not allowed in a PDF string (PDFDocEncoding):
(hyperref)                removing `\@fnmark' on input line 1.


Package hyperref Warning: Token not allowed in a PDF string (PDFDocEncoding):
(hyperref)                removing `\<def>-command' on input line 1.


Package hyperref Warning: Token not allowed in a PDF string (PDFDocEncoding):
(hyperref)                removing `\cnotenum' on input line 1.


Package hyperref Warning: Token not allowed in a PDF string (PDFDocEncoding):
(hyperref)                removing `\<def>-command' on input line 1.


Package hyperref Warning: Token not allowed in a PDF string (PDFDocEncoding):
(hyperref)                removing `\@corref' on input line 1.


Package hyperref Warning: Token not allowed in a PDF string (PDFDocEncoding):
(hyperref)                removing `\<let>-command' on input line 1.


Package hyperref Warning: Token not allowed in a PDF string (PDFDocEncoding):
(hyperref)                removing `\comma' on input line 1.


Package hyperref Warning: Token not allowed in a PDF string (PDFDocEncoding):
(hyperref)                removing `\<def>-command' on input line 1.


Package hyperref Warning: Token not allowed in a PDF string (PDFDocEncoding):
(hyperref)                removing `\@fnmark' on input line 1.

[1{d:/Software/texlive/2020/texmf-var/fonts/map/pdftex/updmap/pdftex.map}


]
Overfull \hbox (8.11006pt too wide) in paragraph at lines 5--12
[]\OT1/txr/m/n/10 When con-sid-er-ing the multi-core pro-ces-sors: Cache-oblivi
ous
 []


Overfull \hbox (9.77008pt too wide) in paragraph at lines 5--12
\OT1/txr/m/n/10 ture, the re-routing scheme based all-to-all col-lec-tive (PAIR
WISE-
 []


Overfull \hbox (3.00012pt too wide) in paragraph at lines 17--28
[][] 
 []


Overfull \hbox (12.39946pt too wide) in paragraph at lines 36--42
[]\OT1/txr/m/n/10 When con-sid-er-ing the net-work topol-ogy: A bandwidth-optim
al
 []


Overfull \hbox (4.79012pt too wide) in paragraph at lines 36--42
\OT1/txr/m/n/10 torus net-work, a large scale all-to-all is pro-posed for Blue 
Gene/L
 []

) (./src/Environment.tex

LaTeX Warning: No positions in optional float specifier.
               Default added (so using `tbp') on input line 8.

) (./src/Motivation.tex
Overfull \hbox (0.11009pt too wide) in paragraph at lines 7--1
\OT1/txr/m/n/10 is tested by STREAM. Loop-back band-width means where send-
 []



pdfTeX warning: pdflatex.exe (file ./Figures/Node-aware-alltoall.pdf): PDF incl
usion: found PDF version <1.7>, but at most version <1.5> allowed
<./Figures/Node-aware-alltoall.pdf, id=155, 342.46735pt x 196.61053pt>
File: ./Figures/Node-aware-alltoall.pdf Graphic file (type pdf)
<use ./Figures/Node-aware-alltoall.pdf>
Package pdftex.def Info: ./Figures/Node-aware-alltoall.pdf  used on input line 
9.
(pdftex.def)             Requested size: 255.78287pt x 146.84853pt.

Overfull \hbox (3.78287pt too wide) in paragraph at lines 9--10
 [][] 
 []


Overfull \hbox (3.64009pt too wide) in paragraph at lines 15--20
[]\OT1/txr/m/n/10 It in-clude four steps: intra-node gather, lo-cal trans-pose,
 inter-
 []

[2 <./Figures/Node-aware-alltoall.pdf>]
<./Figures/hpca/HPC-multi-leader-gather.pdf, id=195, 130.57884pt x 65.86508pt>
File: ./Figures/hpca/HPC-multi-leader-gather.pdf Graphic file (type pdf)
<use ./Figures/hpca/HPC-multi-leader-gather.pdf>
Package pdftex.def Info: ./Figures/hpca/HPC-multi-leader-gather.pdf  used on in
put line 30.
(pdftex.def)             Requested size: 255.78287pt x 129.01929pt.
<./Figures/hpcd/HPC-multi-leader-gather.pdf, id=196, 178.70464pt x 89.35182pt>
File: ./Figures/hpcd/HPC-multi-leader-gather.pdf Graphic file (type pdf)
<use ./Figures/hpcd/HPC-multi-leader-gather.pdf>
Package pdftex.def Info: ./Figures/hpcd/HPC-multi-leader-gather.pdf  used on in
put line 31.
(pdftex.def)             Requested size: 255.78287pt x 127.89073pt.


LaTeX Warning: Reference `UMA-aware-multi-leader' on page 3 undefined on input 
line 49.

<./Figures/hpca/NUMA-aware-gather-scatter.pdf, id=197, 203.23228pt x 81.24954pt
>
File: ./Figures/hpca/NUMA-aware-gather-scatter.pdf Graphic file (type pdf)
<use ./Figures/hpca/NUMA-aware-gather-scatter.pdf>
Package pdftex.def Info: ./Figures/hpca/NUMA-aware-gather-scatter.pdf  used on 
input line 53.
(pdftex.def)             Requested size: 255.78287pt x 102.2646pt.
<./Figures/hpcd/NUMA-aware-gather-scatter.pdf, id=198, 200.38564pt x 84.53381pt
>
File: ./Figures/hpcd/NUMA-aware-gather-scatter.pdf Graphic file (type pdf)
<use ./Figures/hpcd/NUMA-aware-gather-scatter.pdf>
Package pdftex.def Info: ./Figures/hpcd/NUMA-aware-gather-scatter.pdf  used on 
input line 54.
(pdftex.def)             Requested size: 255.78287pt x 107.9088pt.

Overfull \hbox (17.62007pt too wide) in paragraph at lines 44--59
\OT1/txr/m/n/10 has per-for-mance ef-fect on gath-er-ing/scattering per-for-man
ce. Putting
 []


Overfull \hbox (1.18005pt too wide) in paragraph at lines 44--59
\OT1/txr/m/n/10 leader gah-ter-ing/scattering Vs multi-leader gah-ter-ing/scatt
ering.
 []

<./Figures/hpca/Multi-port-p2p.pdf, id=200, 468.00356pt x 209.58301pt>
File: ./Figures/hpca/Multi-port-p2p.pdf Graphic file (type pdf)
<use ./Figures/hpca/Multi-port-p2p.pdf>
Package pdftex.def Info: ./Figures/hpca/Multi-port-p2p.pdf  used on input line 
67.
(pdftex.def)             Requested size: 255.78287pt x 114.54506pt.
<./Figures/hpcd/Multi-port-p2p.pdf, id=201, 472.42627pt x 222.7251pt>
File: ./Figures/hpcd/Multi-port-p2p.pdf Graphic file (type pdf)
<use ./Figures/hpcd/Multi-port-p2p.pdf>
Package pdftex.def Info: ./Figures/hpcd/Multi-port-p2p.pdf  used on input line 
68.
(pdftex.def)             Requested size: 255.78287pt x 120.58922pt.

Overfull \hbox (5.01006pt too wide) in paragraph at lines 60--73
[]\OT1/txr/m/n/10 Morden in-ter-con-nect net-work on su-per-com-puter usu-ally 
have
 []


Overfull \hbox (2.61003pt too wide) in paragraph at lines 74--75
\OT1/txr/m/n/10 pable with inter-node com-mu-ni-ca-tion, gath-er-ing/scattering
 over-
 []

) (./src/Algorithm.tex

LaTeX Warning: Reference `algorithm-node-aware' on page 3 undefined on input li
ne 4.

LaTeX Font Info:    Font shape `OT1/txr/b/n' in size <7> not available
(Font)              Font shape `OT1/txr/bx/n' tried instead on input line 31.
[3 <./Figures/hpca/HPC-multi-leader-gather.pdf> <./Figures/hpcd/HPC-multi-leade
r-gather.pdf>]
Overfull \hbox (4.59003pt too wide) in paragraph at lines 56--61
[]\OT1/txr/m/n/10 For larger mes-sages, L-a2a in-volve too many intra-node over
-
 []



pdfTeX warning: pdflatex.exe (file ./Figures/multi-leader-multi-port-a2a.pdf): 
PDF inclusion: found PDF version <1.7>, but at most version <1.5> allowed
<./Figures/multi-leader-multi-port-a2a.pdf, id=250, 335.38899pt x 261.5903pt>
File: ./Figures/multi-leader-multi-port-a2a.pdf Graphic file (type pdf)
<use ./Figures/multi-leader-multi-port-a2a.pdf>
Package pdftex.def Info: ./Figures/multi-leader-multi-port-a2a.pdf  used on inp
ut line 162.
(pdftex.def)             Requested size: 227.62204pt x 177.53976pt.
[4 <./Figures/hpca/NUMA-aware-gather-scatter.pdf> <./Figures/hpcd/NUMA-aware-ga
ther-scatter.pdf> <./Figures/hpca/Multi-port-p2p.pdf> <./Figures/hpcd/Multi-por
t-p2p.pdf>]

pdfTeX warning: pdflatex.exe (file ./Figures/no-NUMA-awarea2ax.pdf): PDF inclus
ion: found PDF version <1.7>, but at most version <1.5> allowed
<./Figures/no-NUMA-awarea2ax.pdf, id=340, 506.70805pt x 49.41862pt>
File: ./Figures/no-NUMA-awarea2ax.pdf Graphic file (type pdf)
<use ./Figures/no-NUMA-awarea2ax.pdf>
Package pdftex.def Info: ./Figures/no-NUMA-awarea2ax.pdf  used on input line 19
2.
(pdftex.def)             Requested size: 227.62204pt x 22.1997pt.


pdfTeX warning: pdflatex.exe (file ./Figures/NUMA-awarea2a.pdf): PDF inclusion:
 found PDF version <1.7>, but at most version <1.5> allowed
<./Figures/NUMA-awarea2a.pdf, id=341, 504.73067pt x 46.78278pt>
File: ./Figures/NUMA-awarea2a.pdf Graphic file (type pdf)
<use ./Figures/NUMA-awarea2a.pdf>
Package pdftex.def Info: ./Figures/NUMA-awarea2a.pdf  used on input line 195.
(pdftex.def)             Requested size: 227.62204pt x 21.09773pt.


pdfTeX warning: pdflatex.exe (file ./Figures/Overlap-inter-intra-node-communica
tion.pdf): PDF inclusion: found PDF version <1.7>, but at most version <1.5> al
lowed
<./Figures/Overlap-inter-intra-node-communication.pdf, id=345, 842.7565pt x 329
.45885pt>
File: ./Figures/Overlap-inter-intra-node-communication.pdf Graphic file (type p
df)
<use ./Figures/Overlap-inter-intra-node-communication.pdf>
Package pdftex.def Info: ./Figures/Overlap-inter-intra-node-communication.pdf  
used on input line 233.
(pdftex.def)             Requested size: 455.24408pt x 177.96545pt.

Overfull \hbox (3.57011pt too wide) in paragraph at lines 228--237
[]\OT1/txr/m/n/10 We no-tice that the overead of gath-er-ing, scat-ter-ing, and
 trans-
 []

[5 <./Figures/multi-leader-multi-port-a2a.pdf> <./Figures/no-NUMA-awarea2ax.pdf


pdfTeX warning: pdflatex.exe (file ./Figures/no-NUMA-awarea2ax.pdf): PDF inclus
ion: multiple pdfs with page group included in a single page
> <./Figures/NUMA-awarea2a.pdf

pdfTeX warning: pdflatex.exe (file ./Figures/NUMA-awarea2a.pdf): PDF inclusion:
 multiple pdfs with page group included in a single page
>]) (./src/Modelingresult.tex
Overfull \hbox (9.64008pt too wide) in paragraph at lines 1--1
[]\OT1/txr/bx/n/10 Modeling the per-for-mance of all-to-all al-go-rithms on mul
ti-
 []

[6 <./Figures/Overlap-inter-intra-node-communication.pdf>]
Overfull \hbox (0.4301pt too wide) in paragraph at lines 18--21
\OT1/txr/m/n/10 send-ing $\OML/txmi/m/it/10 A$ \OT1/txr/m/n/10 mes-sages with s
ize m is faster than seper-ate send-
 []

[7]
Overfull \hbox (2.0408pt too wide) detected at line 139
[]
 []


Overfull \hbox (7.3048pt too wide) detected at line 159
[]
 []


Overfull \hbox (2.70944pt too wide) in paragraph at lines 167--171
[]\OT1/txr/m/n/10 The ON-MPML over-laps intra-node and inter-node over-head.
 []

) (./src/Implementation.tex
Overfull \hbox (1.14946pt too wide) in paragraph at lines 1--1
[]\OT1/txr/bx/n/10 Implementation with POSIX shared mem-ory and RDMA 
 []



pdfTeX warning: pdflatex.exe (file ./Figures/implementaion.pdf): PDF inclusion:
 found PDF version <1.6>, but at most version <1.5> allowed
<./Figures/implementaion.pdf, id=516, 685.78511pt x 280.67862pt>
File: ./Figures/implementaion.pdf Graphic file (type pdf)
<use ./Figures/implementaion.pdf>
Package pdftex.def Info: ./Figures/implementaion.pdf  used on input line 6.
(pdftex.def)             Requested size: 455.24408pt x 186.31915pt.
) (./src/Experiment.tex [8]

pdfTeX warning: pdflatex.exe (file ./Figures/hpca/MPML.pdf): PDF inclusion: fou
nd PDF version <1.6>, but at most version <1.5> allowed
<./Figures/hpca/MPML.pdf, id=528, 105.23013pt x 55.407pt>
File: ./Figures/hpca/MPML.pdf Graphic file (type pdf)
<use ./Figures/hpca/MPML.pdf>
Package pdftex.def Info: ./Figures/hpca/MPML.pdf  used on input line 8.
(pdftex.def)             Requested size: 234.8984pt x 123.69398pt.


pdfTeX warning: pdflatex.exe (file ./Figures/hpca/NMPML.pdf): PDF inclusion: fo
und PDF version <1.6>, but at most version <1.5> allowed
<./Figures/hpca/NMPML.pdf, id=529, 105.36665pt x 51.49237pt>
File: ./Figures/hpca/NMPML.pdf Graphic file (type pdf)
<use ./Figures/hpca/NMPML.pdf>
Package pdftex.def Info: ./Figures/hpca/NMPML.pdf  used on input line 9.
(pdftex.def)             Requested size: 234.8984pt x 114.80153pt.


pdfTeX warning: pdflatex.exe (file ./Figures/hpca/ONMPML.pdf): PDF inclusion: f
ound PDF version <1.6>, but at most version <1.5> allowed
<./Figures/hpca/ONMPML.pdf, id=530, 102.92953pt x 55.18819pt>
File: ./Figures/hpca/ONMPML.pdf Graphic file (type pdf)
<use ./Figures/hpca/ONMPML.pdf>
Package pdftex.def Info: ./Figures/hpca/ONMPML.pdf  used on input line 12.
(pdftex.def)             Requested size: 234.8984pt x 125.95496pt.


pdfTeX warning: pdflatex.exe (file ./Figures/hpca/ONMPML-MPI.pdf): PDF inclusio
n: found PDF version <1.6>, but at most version <1.5> allowed
<./Figures/hpca/ONMPML-MPI.pdf, id=531, 503.26169pt x 259.18631pt>
File: ./Figures/hpca/ONMPML-MPI.pdf Graphic file (type pdf)
<use ./Figures/hpca/ONMPML-MPI.pdf>
Package pdftex.def Info: ./Figures/hpca/ONMPML-MPI.pdf  used on input line 13.
(pdftex.def)             Requested size: 234.8984pt x 120.97519pt.

Overfull \hbox (0.57953pt too wide) in paragraph at lines 36--43
\OT1/txr/m/n/10 leader all-toall (MPML) has a bet-ter per-for-mance than one le
ader
 []


LaTeX Warning: Reference `UMA-aware-multi-leader' on page 9 undefined on input 
line 48.


Overfull \hbox (3.42006pt too wide) in paragraph at lines 50--55
\OT1/txr/m/n/10 and intra-node com-mu-ni-ca-tion. Sub-fig-ure d show the ON-MPM
L
 []



pdfTeX warning: pdflatex.exe (file ./Figures/hpcd/MPML.pdf): PDF inclusion: fou
nd PDF version <1.6>, but at most version <1.5> allowed
<./Figures/hpcd/MPML.pdf, id=536, 474.15334pt x 245.0214pt>
File: ./Figures/hpcd/MPML.pdf Graphic file (type pdf)
<use ./Figures/hpcd/MPML.pdf>
Package pdftex.def Info: ./Figures/hpcd/MPML.pdf  used on input line 58.
(pdftex.def)             Requested size: 234.8984pt x 121.38503pt.


pdfTeX warning: pdflatex.exe (file ./Figures/hpcd/NMPML.pdf): PDF inclusion: fo
und PDF version <1.6>, but at most version <1.5> allowed
<./Figures/hpcd/NMPML.pdf, id=537, 470.84909pt x 208.4869pt>
File: ./Figures/hpcd/NMPML.pdf Graphic file (type pdf)
<use ./Figures/hpcd/NMPML.pdf>
Package pdftex.def Info: ./Figures/hpcd/NMPML.pdf  used on input line 59.
(pdftex.def)             Requested size: 234.8984pt x 104.01094pt.


pdfTeX warning: pdflatex.exe (file ./Figures/hpcd/ONMPML.pdf): PDF inclusion: f
ound PDF version <1.6>, but at most version <1.5> allowed
<./Figures/hpcd/ONMPML.pdf, id=538, 469.7035pt x 235.80597pt>
File: ./Figures/hpcd/ONMPML.pdf Graphic file (type pdf)
<use ./Figures/hpcd/ONMPML.pdf>
Package pdftex.def Info: ./Figures/hpcd/ONMPML.pdf  used on input line 62.
(pdftex.def)             Requested size: 234.8984pt x 117.92787pt.


pdfTeX warning: pdflatex.exe (file ./Figures/hpcd/ONMPML-MPI.pdf): PDF inclusio
n: found PDF version <1.6>, but at most version <1.5> allowed
<./Figures/hpcd/ONMPML-MPI.pdf, id=539, 484.86534pt x 234.76709pt>
File: ./Figures/hpcd/ONMPML-MPI.pdf Graphic file (type pdf)
<use ./Figures/hpcd/ONMPML-MPI.pdf>
Package pdftex.def Info: ./Figures/hpcd/ONMPML-MPI.pdf  used on input line 63.
(pdftex.def)             Requested size: 234.8984pt x 113.73651pt.

Overfull \hbox (1.74005pt too wide) in paragraph at lines 68--69
\OT1/txr/m/n/10 net-work band-width is 11 GB/s. one leader's gath-er-ing/scatte
ring
 []

LaTeX Font Info:    Trying to load font information for OMS+txr on input line 8
1.
(d:/Software/texlive/2020/texmf-dist/tex/latex/txfonts/omstxr.fd
File: omstxr.fd 2000/12/15 v3.1
)
LaTeX Font Info:    Font shape `OMS/txr/m/n' in size <10> not available
(Font)              Font shape `OMS/txsy/m/n' tried instead on input line 81.


pdfTeX warning: pdflatex.exe (file ./Figures/hpca/FFT.pdf): PDF inclusion: foun
d PDF version <1.6>, but at most version <1.5> allowed
<./Figures/hpca/FFT.pdf, id=543, 462.08928pt x 367.04327pt>
File: ./Figures/hpca/FFT.pdf Graphic file (type pdf)
<use ./Figures/hpca/FFT.pdf>
Package pdftex.def Info: ./Figures/hpca/FFT.pdf  used on input line 86.
(pdftex.def)             Requested size: 167.04382pt x 132.68433pt.


pdfTeX warning: pdflatex.exe (file ./Figures/hpcd/FFT.pdf): PDF inclusion: foun
d PDF version <1.6>, but at most version <1.5> allowed
<./Figures/hpcd/FFT.pdf, id=544, 467.34521pt x 360.0351pt>
File: ./Figures/hpcd/FFT.pdf Graphic file (type pdf)
<use ./Figures/hpcd/FFT.pdf>
Package pdftex.def Info: ./Figures/hpcd/FFT.pdf  used on input line 87.
(pdftex.def)             Requested size: 167.04382pt x 128.6841pt.
)
Overfull \hbox (6.91766pt too wide) in paragraph at lines 75--96
\OT1/txr/m/n/10 cli-mate mod-el-ing. HPCC global FFT do-ing a 1D FFT Z=FFT(X).
 []

[9 <./Figures/implementaion.pdf, page is rotated 90 degrees>]

LaTeX Warning: Text page 10 contains only floats.


LaTeX Warning: Text page 10 contains only floats.

[10 <./Figures/hpca/MPML.pdf> <./Figures/hpca/NMPML.pdf> <./Figures/hpca/ONMPML
.pdf> <./Figures/hpca/ONMPML-MPI.pdf> <./Figures/hpcd/MPML.pdf> <./Figures/hpcd
/NMPML.pdf> <./Figures/hpcd/ONMPML.pdf> <./Figures/hpcd/ONMPML-MPI.pdf>]
(./main.bbl
Underfull \hbox (badness 1248) in paragraph at lines 9--11
[]\OT1/txr/m/n/8 C. Mehta, A. Karthi, V. Jetly, B. Chaud-hury, Par-al-lel fast 
mul-ti-
 []

)
Package atveryend Info: Empty hook `BeforeClearDocument' on input line 101.
 [11 <./Figures/hpca/FFT.pdf> <./Figures/hpcd/FFT.pdf>]
Package atveryend Info: Empty hook `AfterLastShipout' on input line 101.
 (./main.aux)
Package atveryend Info: Executing hook `AtVeryEndDocument' on input line 101.
Package atveryend Info: Executing hook `AtEndAfterFileList' on input line 101.


Package rerunfilecheck Warning: File `main.out' has changed.
(rerunfilecheck)                Rerun to get outlines right
(rerunfilecheck)                or use package `bookmark'.

Package rerunfilecheck Info: Checksums for `main.out':
(rerunfilecheck)             Before: 9724E631E9436ECA82AF4DD97D04E7F0;2152
(rerunfilecheck)             After:  EBB77E766634E08A55E3783C9C789678;1972.

LaTeX Warning: There were undefined references.

Package atveryend Info: Empty hook `AtVeryVeryEnd' on input line 101.
 ) 
Here is how much of TeX's memory you used:
 10773 strings out of 480608
 167472 string characters out of 5903116
 576043 words of memory out of 5000000
 26120 multiletter control sequences out of 15000+600000
 577296 words of font info for 131 fonts, out of 8000000 for 9000
 1141 hyphenation exceptions out of 8191
 42i,20n,39p,683b,669s stack positions out of 5000i,500n,10000p,200000b,80000s
pdfTeX warning (dest): name{subsubsection.8.1.4} has been referenced but does
 not exist, replaced by a fixed one

pdfTeX warning (dest): name{subsubsection.8.1.3} has been referenced but does n
ot exist, replaced by a fixed one

{d:/Software/texlive/2020/texmf-dist/fonts/enc/dvips/base/8r.enc}<d:/Software/t
exlive/2020/texmf-dist/fonts/type1/public/txfonts/rtxmi.pfb><d:/Software/texliv
e/2020/texmf-dist/fonts/type1/public/txfonts/rtxr.pfb><d:/Software/texlive/2020
/texmf-dist/fonts/type1/public/txfonts/txex.pfb><d:/Software/texlive/2020/texmf
-dist/fonts/type1/public/txfonts/txsy.pfb><d:/Software/texlive/2020/texmf-dist/
fonts/type1/urw/helvetic/uhvr8a.pfb><d:/Software/texlive/2020/texmf-dist/fonts/
type1/urw/times/utmb8a.pfb><d:/Software/texlive/2020/texmf-dist/fonts/type1/urw
/times/utmr8a.pfb><d:/Software/texlive/2020/texmf-dist/fonts/type1/urw/times/ut
mri8a.pfb><d:/Software/texlive/2020/texmf-dist/fonts/type1/urw/zapfding/uzdr.pf
b>
Output written on main.pdf (11 pages, 1630585 bytes).
PDF statistics:
 882 PDF objects out of 1000 (max. 8388607)
 694 compressed objects within 7 object streams
 253 named destinations out of 1000 (max. 500000)
 319 words of extra memory for PDF output out of 10000 (max. 10000000)

